INFO - 10/28/19 14:13:22 - 0:00:00 - ============ Initialized logger ============
INFO - 10/28/19 14:13:22 - 0:00:00 - batch_size: 300
                                     category_number: 0
                                     category_sampler: False
                                     clip_grad_norm: 5
                                     code_size: 32
                                     command: python train.py --exp_name cub32 --batch_size 300 --continue_train True --load_model 'dumped/cub32/snjwqzsx12/Best_model.pth --exp_id "7fs2apuj7u"
                                     continue_train: True
                                     dataset_name: CUB_200_2011
                                     dump_path: ./dumped/cub32/7fs2apuj7u
                                     epochs: 4000
                                     eval_only: False
                                     exp_id: 7fs2apuj7u
                                     exp_name: cub32
                                     gpu: 0
                                     load_model: dumped/cub32/snjwqzsx12/Best_model.pth
                                     num_workers: 8
                                     optimizer: adam_inverse_sqrt,beta1=0.9,beta2=0.98,lr=0.001
                                     root: ../datasets
                                     triplet_margin: 8
INFO - 10/28/19 14:13:22 - 0:00:00 - The experiment will be stored in ./dumped/cub32/7fs2apuj7u
                                     
INFO - 10/28/19 14:13:22 - 0:00:00 - Running command: python train.py --exp_name cub32 --batch_size 300 --continue_train True --load_model 'dumped/cub32/snjwqzsx12/Best_model.pth

INFO - 10/28/19 14:13:22 - 0:00:00 - Loading CUB_200_2011 dataset
INFO - 10/28/19 14:13:26 - 0:00:03 - Start Training
INFO - 10/28/19 14:13:26 - 0:00:03 - ============ Starting epoch 0 ... ============
INFO - 10/28/19 14:13:29 - 0:00:07 - Batch 1/20: loss: 3.858187
INFO - 10/28/19 14:13:30 - 0:00:08 - Batch 2/20: loss: 4.648658
INFO - 10/28/19 14:13:31 - 0:00:09 - Batch 3/20: loss: 4.681172
INFO - 10/28/19 14:13:32 - 0:00:10 - Batch 4/20: loss: 4.305878
INFO - 10/28/19 14:13:33 - 0:00:11 - Batch 5/20: loss: 4.581842
INFO - 10/28/19 14:13:34 - 0:00:12 - Batch 6/20: loss: 4.357085
INFO - 10/28/19 14:13:35 - 0:00:13 - Batch 7/20: loss: 4.632187
INFO - 10/28/19 14:13:36 - 0:00:13 - Batch 8/20: loss: 4.695083
INFO - 10/28/19 14:13:37 - 0:00:14 - Batch 9/20: loss: 4.003849
INFO - 10/28/19 14:13:38 - 0:00:15 - Batch 10/20: loss: 4.738619
INFO - 10/28/19 14:13:39 - 0:00:16 - Batch 11/20: loss: 4.602446
INFO - 10/28/19 14:13:39 - 0:00:17 - Batch 12/20: loss: 4.390690
INFO - 10/28/19 14:13:40 - 0:00:18 - Batch 13/20: loss: 4.096459
INFO - 10/28/19 14:13:41 - 0:00:19 - Batch 14/20: loss: 3.933272
INFO - 10/28/19 14:13:42 - 0:00:20 - Batch 15/20: loss: 3.951739
INFO - 10/28/19 14:13:43 - 0:00:21 - Batch 16/20: loss: 4.681993
INFO - 10/28/19 14:13:44 - 0:00:22 - Batch 17/20: loss: 4.270411
INFO - 10/28/19 14:13:45 - 0:00:23 - Batch 18/20: loss: 4.447840
INFO - 10/28/19 14:13:46 - 0:00:24 - Batch 19/20: loss: 4.107037
INFO - 10/28/19 14:13:47 - 0:00:25 - Batch 20/20: loss: 4.219715
INFO - 10/28/19 14:13:47 - 0:00:25 - ============ End of epoch 0 ============
INFO - 10/28/19 14:14:12 - 0:00:50 - mAP: 0.029532
INFO - 10/28/19 14:14:12 - 0:00:50 - 
                                     Epoch 0: avg loss: 4.360208
                                     
INFO - 10/28/19 14:14:12 - 0:00:50 - ============ Starting epoch 1 ... ============
INFO - 10/28/19 14:14:15 - 0:00:53 - Batch 1/20: loss: 3.964179
INFO - 10/28/19 14:14:16 - 0:00:54 - Batch 2/20: loss: 4.312640
INFO - 10/28/19 14:14:17 - 0:00:55 - Batch 3/20: loss: 4.312809
INFO - 10/28/19 14:14:18 - 0:00:56 - Batch 4/20: loss: 4.380051
INFO - 10/28/19 14:14:19 - 0:00:57 - Batch 5/20: loss: 4.234720
INFO - 10/28/19 14:14:20 - 0:00:58 - Batch 6/20: loss: 4.131454
INFO - 10/28/19 14:14:21 - 0:00:59 - Batch 7/20: loss: 3.977779
INFO - 10/28/19 14:14:22 - 0:01:00 - Batch 8/20: loss: 3.846382
INFO - 10/28/19 14:14:23 - 0:01:01 - Batch 9/20: loss: 3.337505
INFO - 10/28/19 14:14:24 - 0:01:02 - Batch 10/20: loss: 4.004445
INFO - 10/28/19 14:14:25 - 0:01:02 - Batch 11/20: loss: 4.128404
INFO - 10/28/19 14:14:26 - 0:01:03 - Batch 12/20: loss: 3.523194
INFO - 10/28/19 14:14:27 - 0:01:04 - Batch 13/20: loss: 3.709516
INFO - 10/28/19 14:14:28 - 0:01:05 - Batch 14/20: loss: 3.446218
INFO - 10/28/19 14:14:29 - 0:01:06 - Batch 15/20: loss: 3.377004
INFO - 10/28/19 14:14:30 - 0:01:07 - Batch 16/20: loss: 3.404382
INFO - 10/28/19 14:14:31 - 0:01:08 - Batch 17/20: loss: 3.551784
INFO - 10/28/19 14:14:32 - 0:01:09 - Batch 18/20: loss: 3.731804
INFO - 10/28/19 14:14:33 - 0:01:10 - Batch 19/20: loss: 3.927286
INFO - 10/28/19 14:14:34 - 0:01:11 - Batch 20/20: loss: 3.607842
INFO - 10/28/19 14:14:34 - 0:01:12 - ============ End of epoch 1 ============
INFO - 10/28/19 14:14:34 - 0:01:12 - 
                                     Epoch 1: avg loss: 3.845470
                                     
INFO - 10/28/19 14:14:34 - 0:01:12 - ============ Starting epoch 2 ... ============
INFO - 10/28/19 14:14:37 - 0:01:15 - Batch 1/20: loss: 3.481938
INFO - 10/28/19 14:14:38 - 0:01:16 - Batch 2/20: loss: 3.057127
INFO - 10/28/19 14:14:39 - 0:01:17 - Batch 3/20: loss: 3.323595
INFO - 10/28/19 14:14:40 - 0:01:18 - Batch 4/20: loss: 3.717913
INFO - 10/28/19 14:14:41 - 0:01:19 - Batch 5/20: loss: 3.424384
INFO - 10/28/19 14:14:42 - 0:01:20 - Batch 6/20: loss: 2.661453
INFO - 10/28/19 14:14:43 - 0:01:21 - Batch 7/20: loss: 3.338806
INFO - 10/28/19 14:14:44 - 0:01:22 - Batch 8/20: loss: 3.411490
INFO - 10/28/19 14:14:45 - 0:01:23 - Batch 9/20: loss: 3.044748
INFO - 10/28/19 14:14:46 - 0:01:24 - Batch 10/20: loss: 2.958316
INFO - 10/28/19 14:14:47 - 0:01:25 - Batch 11/20: loss: 3.158961
INFO - 10/28/19 14:14:48 - 0:01:26 - Batch 12/20: loss: 2.969624
INFO - 10/28/19 14:14:49 - 0:01:27 - Batch 13/20: loss: 3.434885
INFO - 10/28/19 14:14:50 - 0:01:28 - Batch 14/20: loss: 2.888051
INFO - 10/28/19 14:14:51 - 0:01:29 - Batch 15/20: loss: 2.294167
INFO - 10/28/19 14:14:52 - 0:01:30 - Batch 16/20: loss: 2.640863
INFO - 10/28/19 14:14:53 - 0:01:31 - Batch 17/20: loss: 2.677086
INFO - 10/28/19 14:14:54 - 0:01:32 - Batch 18/20: loss: 2.631360
INFO - 10/28/19 14:14:55 - 0:01:33 - Batch 19/20: loss: 2.356337
INFO - 10/28/19 14:14:56 - 0:01:34 - Batch 20/20: loss: 2.196939
INFO - 10/28/19 14:14:56 - 0:01:34 - ============ End of epoch 2 ============
INFO - 10/28/19 14:14:56 - 0:01:34 - 
                                     Epoch 2: avg loss: 2.983402
                                     
INFO - 10/28/19 14:14:56 - 0:01:34 - ============ Starting epoch 3 ... ============
INFO - 10/28/19 14:15:00 - 0:01:38 - Batch 1/20: loss: 2.282601
INFO - 10/28/19 14:15:01 - 0:01:39 - Batch 2/20: loss: 2.145698
INFO - 10/28/19 14:15:02 - 0:01:40 - Batch 3/20: loss: 2.346777
INFO - 10/28/19 14:15:03 - 0:01:41 - Batch 4/20: loss: 2.318410
INFO - 10/28/19 14:15:04 - 0:01:42 - Batch 5/20: loss: 2.216297
INFO - 10/28/19 14:15:05 - 0:01:43 - Batch 6/20: loss: 2.681499
INFO - 10/28/19 14:15:06 - 0:01:44 - Batch 7/20: loss: 2.049626
INFO - 10/28/19 14:15:07 - 0:01:45 - Batch 8/20: loss: 2.154590
INFO - 10/28/19 14:15:08 - 0:01:46 - Batch 9/20: loss: 2.074992
INFO - 10/28/19 14:15:09 - 0:01:47 - Batch 10/20: loss: 2.349041
INFO - 10/28/19 14:15:10 - 0:01:48 - Batch 11/20: loss: 2.353119
INFO - 10/28/19 14:15:11 - 0:01:49 - Batch 12/20: loss: 2.161908
INFO - 10/28/19 14:15:12 - 0:01:50 - Batch 13/20: loss: 1.874834
INFO - 10/28/19 14:15:13 - 0:01:51 - Batch 14/20: loss: 2.155081
INFO - 10/28/19 14:15:14 - 0:01:52 - Batch 15/20: loss: 2.229926
INFO - 10/28/19 14:15:15 - 0:01:53 - Batch 16/20: loss: 2.111490
INFO - 10/28/19 14:15:16 - 0:01:54 - Batch 17/20: loss: 1.953598
INFO - 10/28/19 14:15:17 - 0:01:55 - Batch 18/20: loss: 1.723663
INFO - 10/28/19 14:15:18 - 0:01:56 - Batch 19/20: loss: 2.475527
INFO - 10/28/19 14:15:19 - 0:01:57 - Batch 20/20: loss: 2.093116
INFO - 10/28/19 14:15:19 - 0:01:57 - ============ End of epoch 3 ============
INFO - 10/28/19 14:15:19 - 0:01:57 - 
                                     Epoch 3: avg loss: 2.187590
                                     
INFO - 10/28/19 14:15:19 - 0:01:57 - ============ Starting epoch 4 ... ============
INFO - 10/28/19 14:15:23 - 0:02:01 - Batch 1/20: loss: 2.278963
INFO - 10/28/19 14:15:24 - 0:02:02 - Batch 2/20: loss: 1.827803
INFO - 10/28/19 14:15:25 - 0:02:03 - Batch 3/20: loss: 1.710885
INFO - 10/28/19 14:15:26 - 0:02:04 - Batch 4/20: loss: 1.852706
INFO - 10/28/19 14:15:27 - 0:02:05 - Batch 5/20: loss: 2.168100
INFO - 10/28/19 14:15:28 - 0:02:06 - Batch 6/20: loss: 2.248835
INFO - 10/28/19 14:15:29 - 0:02:07 - Batch 7/20: loss: 1.949862
INFO - 10/28/19 14:15:30 - 0:02:08 - Batch 8/20: loss: 1.702587
INFO - 10/28/19 14:15:31 - 0:02:09 - Batch 9/20: loss: 1.724206
INFO - 10/28/19 14:15:32 - 0:02:10 - Batch 10/20: loss: 2.210120
INFO - 10/28/19 14:15:33 - 0:02:11 - Batch 11/20: loss: 1.683113
INFO - 10/28/19 14:15:34 - 0:02:12 - Batch 12/20: loss: 1.872440
INFO - 10/28/19 14:15:35 - 0:02:13 - Batch 13/20: loss: 1.581488
INFO - 10/28/19 14:15:36 - 0:02:14 - Batch 14/20: loss: 2.010154
INFO - 10/28/19 14:15:37 - 0:02:14 - Batch 15/20: loss: 1.545463
INFO - 10/28/19 14:15:38 - 0:02:15 - Batch 16/20: loss: 1.823224
INFO - 10/28/19 14:15:39 - 0:02:16 - Batch 17/20: loss: 1.689531
INFO - 10/28/19 14:15:40 - 0:02:17 - Batch 18/20: loss: 1.315592
INFO - 10/28/19 14:15:41 - 0:02:18 - Batch 19/20: loss: 1.462514
INFO - 10/28/19 14:15:42 - 0:02:19 - Batch 20/20: loss: 1.673466
INFO - 10/28/19 14:15:42 - 0:02:20 - ============ End of epoch 4 ============
INFO - 10/28/19 14:15:42 - 0:02:20 - 
                                     Epoch 4: avg loss: 1.816553
                                     
INFO - 10/28/19 14:15:42 - 0:02:20 - ============ Starting epoch 5 ... ============
INFO - 10/28/19 14:15:46 - 0:02:23 - Batch 1/20: loss: 1.522714
INFO - 10/28/19 14:15:47 - 0:02:24 - Batch 2/20: loss: 1.594373
INFO - 10/28/19 14:15:48 - 0:02:25 - Batch 3/20: loss: 1.556792
INFO - 10/28/19 14:15:49 - 0:02:26 - Batch 4/20: loss: 1.491442
INFO - 10/28/19 14:15:50 - 0:02:27 - Batch 5/20: loss: 1.616070
INFO - 10/28/19 14:15:51 - 0:02:28 - Batch 6/20: loss: 1.391557
INFO - 10/28/19 14:15:52 - 0:02:29 - Batch 7/20: loss: 1.535807
INFO - 10/28/19 14:15:53 - 0:02:30 - Batch 8/20: loss: 1.732294
INFO - 10/28/19 14:15:54 - 0:02:31 - Batch 9/20: loss: 1.470420
INFO - 10/28/19 14:15:55 - 0:02:32 - Batch 10/20: loss: 1.339550
INFO - 10/28/19 14:15:56 - 0:02:33 - Batch 11/20: loss: 1.357509
INFO - 10/28/19 14:15:57 - 0:02:34 - Batch 12/20: loss: 1.718731
INFO - 10/28/19 14:15:58 - 0:02:35 - Batch 13/20: loss: 1.412243
INFO - 10/28/19 14:15:59 - 0:02:36 - Batch 14/20: loss: 1.346153
INFO - 10/28/19 14:15:59 - 0:02:37 - Batch 15/20: loss: 1.169782
INFO - 10/28/19 14:16:00 - 0:02:38 - Batch 16/20: loss: 1.420949
INFO - 10/28/19 14:16:01 - 0:02:39 - Batch 17/20: loss: 1.412342
INFO - 10/28/19 14:16:03 - 0:02:40 - Batch 18/20: loss: 1.344254
INFO - 10/28/19 14:16:03 - 0:02:41 - Batch 19/20: loss: 1.369227
INFO - 10/28/19 14:16:04 - 0:02:42 - Batch 20/20: loss: 1.599601
INFO - 10/28/19 14:16:05 - 0:02:42 - ============ End of epoch 5 ============
INFO - 10/28/19 14:16:05 - 0:02:42 - 
                                     Epoch 5: avg loss: 1.470091
                                     
INFO - 10/28/19 14:16:05 - 0:02:42 - ============ Starting epoch 6 ... ============
INFO - 10/28/19 14:16:08 - 0:02:46 - Batch 1/20: loss: 1.196898
INFO - 10/28/19 14:16:09 - 0:02:47 - Batch 2/20: loss: 1.473785
INFO - 10/28/19 14:16:10 - 0:02:48 - Batch 3/20: loss: 1.429739
INFO - 10/28/19 14:16:11 - 0:02:49 - Batch 4/20: loss: 1.827500
INFO - 10/28/19 14:16:12 - 0:02:50 - Batch 5/20: loss: 1.227315
INFO - 10/28/19 14:16:13 - 0:02:51 - Batch 6/20: loss: 1.191958
INFO - 10/28/19 14:16:14 - 0:02:52 - Batch 7/20: loss: 1.147726
INFO - 10/28/19 14:16:15 - 0:02:53 - Batch 8/20: loss: 1.218939
INFO - 10/28/19 14:16:16 - 0:02:54 - Batch 9/20: loss: 1.357185
INFO - 10/28/19 14:16:17 - 0:02:55 - Batch 10/20: loss: 1.550383
INFO - 10/28/19 14:16:18 - 0:02:56 - Batch 11/20: loss: 1.146116
INFO - 10/28/19 14:16:19 - 0:02:57 - Batch 12/20: loss: 1.220149
INFO - 10/28/19 14:16:20 - 0:02:58 - Batch 13/20: loss: 1.215002
INFO - 10/28/19 14:16:21 - 0:02:59 - Batch 14/20: loss: 1.224986
INFO - 10/28/19 14:16:22 - 0:03:00 - Batch 15/20: loss: 1.287261
INFO - 10/28/19 14:16:23 - 0:03:01 - Batch 16/20: loss: 1.084020
INFO - 10/28/19 14:16:24 - 0:03:02 - Batch 17/20: loss: 1.415504
INFO - 10/28/19 14:16:25 - 0:03:03 - Batch 18/20: loss: 1.317528
INFO - 10/28/19 14:16:26 - 0:03:04 - Batch 19/20: loss: 1.445907
INFO - 10/28/19 14:16:27 - 0:03:05 - Batch 20/20: loss: 0.968639
INFO - 10/28/19 14:16:27 - 0:03:05 - ============ End of epoch 6 ============
INFO - 10/28/19 14:16:27 - 0:03:05 - 
                                     Epoch 6: avg loss: 1.297327
                                     
INFO - 10/28/19 14:16:27 - 0:03:05 - ============ Starting epoch 7 ... ============
INFO - 10/28/19 14:16:30 - 0:03:08 - Batch 1/20: loss: 1.057365
INFO - 10/28/19 14:16:31 - 0:03:09 - Batch 2/20: loss: 1.282502
INFO - 10/28/19 14:16:32 - 0:03:10 - Batch 3/20: loss: 0.948485
INFO - 10/28/19 14:16:33 - 0:03:11 - Batch 4/20: loss: 1.385064
INFO - 10/28/19 14:16:34 - 0:03:12 - Batch 5/20: loss: 0.938265
INFO - 10/28/19 14:16:35 - 0:03:13 - Batch 6/20: loss: 1.489827
INFO - 10/28/19 14:16:36 - 0:03:14 - Batch 7/20: loss: 0.977394
INFO - 10/28/19 14:16:37 - 0:03:15 - Batch 8/20: loss: 1.281652
INFO - 10/28/19 14:16:38 - 0:03:16 - Batch 9/20: loss: 1.326896
INFO - 10/28/19 14:16:39 - 0:03:17 - Batch 10/20: loss: 1.152829
INFO - 10/28/19 14:16:40 - 0:03:18 - Batch 11/20: loss: 1.144987
INFO - 10/28/19 14:16:41 - 0:03:19 - Batch 12/20: loss: 1.160458
INFO - 10/28/19 14:16:42 - 0:03:20 - Batch 13/20: loss: 0.915400
INFO - 10/28/19 14:16:43 - 0:03:21 - Batch 14/20: loss: 1.112614
INFO - 10/28/19 14:16:44 - 0:03:22 - Batch 15/20: loss: 1.110455
INFO - 10/28/19 14:16:45 - 0:03:23 - Batch 16/20: loss: 1.295773
INFO - 10/28/19 14:16:46 - 0:03:24 - Batch 17/20: loss: 1.003741
INFO - 10/28/19 14:16:47 - 0:03:25 - Batch 18/20: loss: 0.991927
INFO - 10/28/19 14:16:48 - 0:03:26 - Batch 19/20: loss: 1.075522
INFO - 10/28/19 14:16:49 - 0:03:27 - Batch 20/20: loss: 1.272010
INFO - 10/28/19 14:16:49 - 0:03:27 - ============ End of epoch 7 ============
INFO - 10/28/19 14:16:49 - 0:03:27 - 
                                     Epoch 7: avg loss: 1.146158
                                     
INFO - 10/28/19 14:16:49 - 0:03:27 - ============ Starting epoch 8 ... ============
INFO - 10/28/19 14:16:53 - 0:03:31 - Batch 1/20: loss: 0.989555
INFO - 10/28/19 14:16:55 - 0:03:32 - Batch 2/20: loss: 0.941968
INFO - 10/28/19 14:16:55 - 0:03:33 - Batch 3/20: loss: 1.036429
INFO - 10/28/19 14:16:56 - 0:03:34 - Batch 4/20: loss: 0.877248
INFO - 10/28/19 14:16:57 - 0:03:35 - Batch 5/20: loss: 0.905735
INFO - 10/28/19 14:16:58 - 0:03:36 - Batch 6/20: loss: 1.237550
INFO - 10/28/19 14:16:59 - 0:03:37 - Batch 7/20: loss: 1.362779
INFO - 10/28/19 14:17:00 - 0:03:38 - Batch 8/20: loss: 0.814518
INFO - 10/28/19 14:17:01 - 0:03:39 - Batch 9/20: loss: 1.129428
INFO - 10/28/19 14:17:02 - 0:03:40 - Batch 10/20: loss: 0.997703
INFO - 10/28/19 14:17:03 - 0:03:41 - Batch 11/20: loss: 0.715837
INFO - 10/28/19 14:17:04 - 0:03:42 - Batch 12/20: loss: 0.830793
INFO - 10/28/19 14:17:05 - 0:03:43 - Batch 13/20: loss: 1.049551
INFO - 10/28/19 14:17:06 - 0:03:44 - Batch 14/20: loss: 0.774782
INFO - 10/28/19 14:17:07 - 0:03:45 - Batch 15/20: loss: 1.031253
INFO - 10/28/19 14:17:08 - 0:03:46 - Batch 16/20: loss: 0.871602
INFO - 10/28/19 14:17:09 - 0:03:47 - Batch 17/20: loss: 1.216746
INFO - 10/28/19 14:17:10 - 0:03:48 - Batch 18/20: loss: 1.106969
INFO - 10/28/19 14:17:11 - 0:03:49 - Batch 19/20: loss: 0.925920
INFO - 10/28/19 14:17:12 - 0:03:50 - Batch 20/20: loss: 0.823702
INFO - 10/28/19 14:17:12 - 0:03:50 - ============ End of epoch 8 ============
INFO - 10/28/19 14:17:12 - 0:03:50 - 
                                     Epoch 8: avg loss: 0.982003
                                     
INFO - 10/28/19 14:17:12 - 0:03:50 - ============ Starting epoch 9 ... ============
INFO - 10/28/19 14:17:17 - 0:03:54 - Batch 1/20: loss: 0.933306
INFO - 10/28/19 14:17:18 - 0:03:55 - Batch 2/20: loss: 0.880443
INFO - 10/28/19 14:17:19 - 0:03:56 - Batch 3/20: loss: 0.923124
INFO - 10/28/19 14:17:20 - 0:03:57 - Batch 4/20: loss: 1.025199
INFO - 10/28/19 14:17:21 - 0:03:58 - Batch 5/20: loss: 0.980688
INFO - 10/28/19 14:17:22 - 0:03:59 - Batch 6/20: loss: 0.546512
INFO - 10/28/19 14:17:23 - 0:04:00 - Batch 7/20: loss: 0.974150
INFO - 10/28/19 14:17:24 - 0:04:01 - Batch 8/20: loss: 0.997589
INFO - 10/28/19 14:17:25 - 0:04:02 - Batch 9/20: loss: 1.004031
INFO - 10/28/19 14:17:26 - 0:04:03 - Batch 10/20: loss: 0.849523
INFO - 10/28/19 14:17:27 - 0:04:04 - Batch 11/20: loss: 0.856150
INFO - 10/28/19 14:17:28 - 0:04:05 - Batch 12/20: loss: 0.836001
INFO - 10/28/19 14:17:29 - 0:04:06 - Batch 13/20: loss: 0.656808
INFO - 10/28/19 14:17:30 - 0:04:07 - Batch 14/20: loss: 0.788796
INFO - 10/28/19 14:17:31 - 0:04:08 - Batch 15/20: loss: 0.850577
INFO - 10/28/19 14:17:32 - 0:04:09 - Batch 16/20: loss: 0.724669
INFO - 10/28/19 14:17:33 - 0:04:10 - Batch 17/20: loss: 0.909998
INFO - 10/28/19 14:17:34 - 0:04:11 - Batch 18/20: loss: 0.725847
INFO - 10/28/19 14:17:35 - 0:04:12 - Batch 19/20: loss: 0.722627
INFO - 10/28/19 14:17:36 - 0:04:13 - Batch 20/20: loss: 0.964033
INFO - 10/28/19 14:17:36 - 0:04:14 - ============ End of epoch 9 ============
INFO - 10/28/19 14:17:36 - 0:04:14 - 
                                     Epoch 9: avg loss: 0.857504
                                     
INFO - 10/28/19 14:17:36 - 0:04:14 - ============ Starting epoch 10 ... ============
INFO - 10/28/19 14:17:40 - 0:04:17 - Batch 1/20: loss: 1.139000
INFO - 10/28/19 14:17:41 - 0:04:18 - Batch 2/20: loss: 0.698306
INFO - 10/28/19 14:17:42 - 0:04:19 - Batch 3/20: loss: 0.659021
INFO - 10/28/19 14:17:43 - 0:04:20 - Batch 4/20: loss: 0.870252
INFO - 10/28/19 14:17:44 - 0:04:21 - Batch 5/20: loss: 1.154112
INFO - 10/28/19 14:17:45 - 0:04:22 - Batch 6/20: loss: 0.688510
INFO - 10/28/19 14:17:46 - 0:04:23 - Batch 7/20: loss: 0.658405
INFO - 10/28/19 14:17:47 - 0:04:24 - Batch 8/20: loss: 0.645480
INFO - 10/28/19 14:17:48 - 0:04:25 - Batch 9/20: loss: 0.767087
INFO - 10/28/19 14:17:49 - 0:04:26 - Batch 10/20: loss: 0.752881
INFO - 10/28/19 14:17:50 - 0:04:27 - Batch 11/20: loss: 0.663241
INFO - 10/28/19 14:17:51 - 0:04:28 - Batch 12/20: loss: 1.174366
INFO - 10/28/19 14:17:52 - 0:04:29 - Batch 13/20: loss: 0.632037
INFO - 10/28/19 14:17:53 - 0:04:30 - Batch 14/20: loss: 0.679227
INFO - 10/28/19 14:17:54 - 0:04:31 - Batch 15/20: loss: 0.731377
INFO - 10/28/19 14:17:55 - 0:04:32 - Batch 16/20: loss: 0.783536
INFO - 10/28/19 14:17:56 - 0:04:33 - Batch 17/20: loss: 0.779066
INFO - 10/28/19 14:17:57 - 0:04:34 - Batch 18/20: loss: 0.805864
INFO - 10/28/19 14:17:58 - 0:04:35 - Batch 19/20: loss: 0.964860
INFO - 10/28/19 14:17:59 - 0:04:36 - Batch 20/20: loss: 0.909603
INFO - 10/28/19 14:17:59 - 0:04:36 - ============ End of epoch 10 ============
INFO - 10/28/19 14:17:59 - 0:04:36 - 
                                     Epoch 10: avg loss: 0.807811
                                     
INFO - 10/28/19 14:17:59 - 0:04:36 - ============ Starting epoch 11 ... ============
INFO - 10/28/19 14:18:02 - 0:04:40 - Batch 1/20: loss: 0.704392
INFO - 10/28/19 14:18:03 - 0:04:41 - Batch 2/20: loss: 0.946973
INFO - 10/28/19 14:18:04 - 0:04:42 - Batch 3/20: loss: 0.720650
INFO - 10/28/19 14:18:05 - 0:04:43 - Batch 4/20: loss: 0.825115
INFO - 10/28/19 14:18:06 - 0:04:44 - Batch 5/20: loss: 0.608622
INFO - 10/28/19 14:18:07 - 0:04:45 - Batch 6/20: loss: 0.615976
INFO - 10/28/19 14:18:08 - 0:04:46 - Batch 7/20: loss: 0.681895
INFO - 10/28/19 14:18:09 - 0:04:47 - Batch 8/20: loss: 0.686996
INFO - 10/28/19 14:18:10 - 0:04:48 - Batch 9/20: loss: 0.523177
INFO - 10/28/19 14:18:11 - 0:04:49 - Batch 10/20: loss: 0.715372
INFO - 10/28/19 14:18:12 - 0:04:50 - Batch 11/20: loss: 0.645332
INFO - 10/28/19 14:18:13 - 0:04:51 - Batch 12/20: loss: 0.636497
INFO - 10/28/19 14:18:14 - 0:04:52 - Batch 13/20: loss: 0.975953
INFO - 10/28/19 14:18:15 - 0:04:53 - Batch 14/20: loss: 0.811797
INFO - 10/28/19 14:18:16 - 0:04:54 - Batch 15/20: loss: 0.590273
INFO - 10/28/19 14:18:17 - 0:04:55 - Batch 16/20: loss: 0.758223
INFO - 10/28/19 14:18:18 - 0:04:56 - Batch 17/20: loss: 0.558427
INFO - 10/28/19 14:18:19 - 0:04:57 - Batch 18/20: loss: 0.850918
INFO - 10/28/19 14:18:20 - 0:04:58 - Batch 19/20: loss: 0.679329
INFO - 10/28/19 14:18:21 - 0:04:59 - Batch 20/20: loss: 0.607414
INFO - 10/28/19 14:18:22 - 0:04:59 - ============ End of epoch 11 ============
INFO - 10/28/19 14:18:22 - 0:04:59 - 
                                     Epoch 11: avg loss: 0.707167
                                     
INFO - 10/28/19 14:18:22 - 0:04:59 - ============ Starting epoch 12 ... ============
INFO - 10/28/19 14:18:25 - 0:05:03 - Batch 1/20: loss: 0.728258
INFO - 10/28/19 14:18:26 - 0:05:04 - Batch 2/20: loss: 0.721066
INFO - 10/28/19 14:18:27 - 0:05:05 - Batch 3/20: loss: 0.726789
INFO - 10/28/19 14:18:28 - 0:05:06 - Batch 4/20: loss: 0.525389
INFO - 10/28/19 14:18:29 - 0:05:07 - Batch 5/20: loss: 0.520888
INFO - 10/28/19 14:18:30 - 0:05:08 - Batch 6/20: loss: 0.653966
INFO - 10/28/19 14:18:31 - 0:05:09 - Batch 7/20: loss: 0.701939
INFO - 10/28/19 14:18:32 - 0:05:10 - Batch 8/20: loss: 0.765547
INFO - 10/28/19 14:18:33 - 0:05:11 - Batch 9/20: loss: 0.672413
INFO - 10/28/19 14:18:34 - 0:05:12 - Batch 10/20: loss: 0.570255
INFO - 10/28/19 14:18:35 - 0:05:13 - Batch 11/20: loss: 0.672449
INFO - 10/28/19 14:18:36 - 0:05:14 - Batch 12/20: loss: 0.667438
INFO - 10/28/19 14:18:37 - 0:05:15 - Batch 13/20: loss: 0.866619
INFO - 10/28/19 14:18:38 - 0:05:16 - Batch 14/20: loss: 0.826213
INFO - 10/28/19 14:18:39 - 0:05:17 - Batch 15/20: loss: 0.676274
INFO - 10/28/19 14:18:40 - 0:05:18 - Batch 16/20: loss: 0.721834
INFO - 10/28/19 14:18:41 - 0:05:19 - Batch 17/20: loss: 0.702858
INFO - 10/28/19 14:18:42 - 0:05:20 - Batch 18/20: loss: 0.544383
INFO - 10/28/19 14:18:43 - 0:05:21 - Batch 19/20: loss: 0.496854
INFO - 10/28/19 14:18:44 - 0:05:22 - Batch 20/20: loss: 0.575294
INFO - 10/28/19 14:18:45 - 0:05:22 - ============ End of epoch 12 ============
INFO - 10/28/19 14:18:45 - 0:05:22 - 
                                     Epoch 12: avg loss: 0.666836
                                     
INFO - 10/28/19 14:18:45 - 0:05:22 - ============ Starting epoch 13 ... ============
INFO - 10/28/19 14:18:48 - 0:05:26 - Batch 1/20: loss: 0.601317
INFO - 10/28/19 14:18:49 - 0:05:27 - Batch 2/20: loss: 0.614213
INFO - 10/28/19 14:18:50 - 0:05:28 - Batch 3/20: loss: 0.691608
INFO - 10/28/19 14:18:51 - 0:05:29 - Batch 4/20: loss: 0.653303
INFO - 10/28/19 14:18:52 - 0:05:30 - Batch 5/20: loss: 0.583634
INFO - 10/28/19 14:18:53 - 0:05:31 - Batch 6/20: loss: 0.716222
INFO - 10/28/19 14:18:54 - 0:05:32 - Batch 7/20: loss: 0.475166
INFO - 10/28/19 14:18:55 - 0:05:33 - Batch 8/20: loss: 0.630823
INFO - 10/28/19 14:18:56 - 0:05:34 - Batch 9/20: loss: 0.562905
INFO - 10/28/19 14:18:57 - 0:05:35 - Batch 10/20: loss: 0.475239
INFO - 10/28/19 14:18:58 - 0:05:36 - Batch 11/20: loss: 0.516941
INFO - 10/28/19 14:18:59 - 0:05:37 - Batch 12/20: loss: 0.552497
INFO - 10/28/19 14:19:00 - 0:05:38 - Batch 13/20: loss: 0.539677
INFO - 10/28/19 14:19:01 - 0:05:39 - Batch 14/20: loss: 0.619992
INFO - 10/28/19 14:19:02 - 0:05:40 - Batch 15/20: loss: 0.636569
INFO - 10/28/19 14:19:03 - 0:05:41 - Batch 16/20: loss: 0.722861
INFO - 10/28/19 14:19:04 - 0:05:42 - Batch 17/20: loss: 0.580524
INFO - 10/28/19 14:19:05 - 0:05:43 - Batch 18/20: loss: 0.408113
INFO - 10/28/19 14:19:06 - 0:05:44 - Batch 19/20: loss: 0.482024
INFO - 10/28/19 14:19:07 - 0:05:45 - Batch 20/20: loss: 0.782113
INFO - 10/28/19 14:19:07 - 0:05:45 - ============ End of epoch 13 ============
INFO - 10/28/19 14:19:07 - 0:05:45 - 
                                     Epoch 13: avg loss: 0.592287
                                     
INFO - 10/28/19 14:19:07 - 0:05:45 - ============ Starting epoch 14 ... ============
INFO - 10/28/19 14:19:11 - 0:05:49 - Batch 1/20: loss: 0.580896
INFO - 10/28/19 14:19:12 - 0:05:50 - Batch 2/20: loss: 0.447455
INFO - 10/28/19 14:19:13 - 0:05:51 - Batch 3/20: loss: 0.544180
INFO - 10/28/19 14:19:14 - 0:05:52 - Batch 4/20: loss: 0.575648
INFO - 10/28/19 14:19:15 - 0:05:53 - Batch 5/20: loss: 0.515743
INFO - 10/28/19 14:19:16 - 0:05:54 - Batch 6/20: loss: 0.458635
INFO - 10/28/19 14:19:17 - 0:05:55 - Batch 7/20: loss: 0.531894
INFO - 10/28/19 14:19:18 - 0:05:56 - Batch 8/20: loss: 0.621968
INFO - 10/28/19 14:19:19 - 0:05:57 - Batch 9/20: loss: 0.505710
INFO - 10/28/19 14:19:20 - 0:05:58 - Batch 10/20: loss: 0.447157
INFO - 10/28/19 14:19:21 - 0:05:59 - Batch 11/20: loss: 0.503777
INFO - 10/28/19 14:19:22 - 0:05:59 - Batch 12/20: loss: 0.418522
INFO - 10/28/19 14:19:23 - 0:06:00 - Batch 13/20: loss: 0.495694
INFO - 10/28/19 14:19:24 - 0:06:01 - Batch 14/20: loss: 0.729361
INFO - 10/28/19 14:19:25 - 0:06:02 - Batch 15/20: loss: 0.381210
INFO - 10/28/19 14:19:26 - 0:06:03 - Batch 16/20: loss: 0.678675
INFO - 10/28/19 14:19:27 - 0:06:04 - Batch 17/20: loss: 0.560095
INFO - 10/28/19 14:19:28 - 0:06:05 - Batch 18/20: loss: 0.515914
INFO - 10/28/19 14:19:29 - 0:06:06 - Batch 19/20: loss: 0.638502
INFO - 10/28/19 14:19:30 - 0:06:07 - Batch 20/20: loss: 0.491106
INFO - 10/28/19 14:19:30 - 0:06:07 - ============ End of epoch 14 ============
INFO - 10/28/19 14:19:30 - 0:06:07 - 
                                     Epoch 14: avg loss: 0.532107
                                     
INFO - 10/28/19 14:19:30 - 0:06:07 - ============ Starting epoch 15 ... ============
INFO - 10/28/19 14:19:33 - 0:06:11 - Batch 1/20: loss: 0.418573
INFO - 10/28/19 14:19:34 - 0:06:12 - Batch 2/20: loss: 0.364840
INFO - 10/28/19 14:19:35 - 0:06:13 - Batch 3/20: loss: 0.527532
INFO - 10/28/19 14:19:36 - 0:06:14 - Batch 4/20: loss: 0.469915
INFO - 10/28/19 14:19:37 - 0:06:15 - Batch 5/20: loss: 0.681419
INFO - 10/28/19 14:19:38 - 0:06:16 - Batch 6/20: loss: 0.680421
INFO - 10/28/19 14:19:39 - 0:06:17 - Batch 7/20: loss: 0.373680
INFO - 10/28/19 14:19:40 - 0:06:18 - Batch 8/20: loss: 0.413376
INFO - 10/28/19 14:19:41 - 0:06:19 - Batch 9/20: loss: 0.378534
INFO - 10/28/19 14:19:42 - 0:06:20 - Batch 10/20: loss: 0.598259
